<?xml version="1.0" encoding="UTF-8"?>
<!-- Generated by org.testng.reporters.JUnitXMLReporter -->
<testsuite ignored="3" hostname="LAPTOP-OITAHU7F" failures="0" tests="1" name="Default test" time="7.501" errors="0" timestamp="2022-05-23T08:22:20 IST">
  <testcase classname="TestCases.HomeTest" name="verifyLoginPageTitleTest" time="0.016"/>
  <testcase classname="TestCases.HomeTest" name="verifyLoginWithValidCredentials" time="0.0">
    <ignored/>
  </testcase> <!-- verifyLoginWithValidCredentials -->
  <testcase classname="TestCases.HomeTest" name="verifyLoginPageHeaderTest" time="0.0">
    <ignored/>
  </testcase> <!-- verifyLoginPageHeaderTest -->
  <testcase classname="TestCases.HomeTest" name="verifyBasicElementsTest" time="0.0">
    <ignored/>
  </testcase> <!-- verifyBasicElementsTest -->
</testsuite> <!-- Default test -->
