<?xml version="1.0" encoding="UTF-8"?>
<!-- Generated by org.testng.reporters.JUnitXMLReporter -->
<testsuite ignored="0" hostname="LAPTOP-OITAHU7F" failures="0" tests="13" name="Regression Test" time="35.033" errors="0" timestamp="2022-05-23T09:02:10 IST">
  <testcase classname="TestCases.HomeTest" name="verifyBasicElementsTest" time="0.246"/>
  <testcase classname="TestCases.ManagerHomeTest" name="validateManagerId" time="2.272"/>
  <testcase classname="TestCases.EditCustomerTest" name="validatePageTitleTest" time="4.53"/>
  <testcase classname="TestCases.NewCustomerTest" name="validateNewCustomerPageTitle" time="3.48"/>
  <testcase classname="TestCases.HomeTest" name="verifyLoginPageHeaderTest" time="0.035"/>
  <testcase classname="TestCases.ManagerHomeTest" name="validatePageHeaderTest" time="1.623"/>
  <testcase classname="TestCases.HomeTest" name="verifyLoginPageTitleTest" time="0.008"/>
  <testcase classname="TestCases.EditCustomerTest" name="verifyBasicElementsTest" time="5.73"/>
  <testcase classname="TestCases.NewCustomerTest" name="validateNewCustomerRegistrationTest" time="5.589"/>
  <testcase classname="TestCases.ManagerHomeTest" name="validteNewCustomerIsDisplayTest" time="3.815"/>
  <testcase classname="TestCases.HomeTest" name="verifyLoginWithValidCredentials" time="3.105"/>
  <testcase classname="TestCases.EditCustomerTest" name="veripyPageHeaderTest" time="3.528"/>
  <testcase classname="TestCases.NewCustomerTest" name="validateNewCustomerRegistrationTest" time="4.16"/>
</testsuite> <!-- Regression Test -->
