<?xml version="1.0" encoding="UTF-8"?>
<testng-results ignored="0" total="13" passed="13" failed="0" skipped="0">
  <reporter-output>
  </reporter-output>
  <suite started-at="2022-05-23T09:01:35 IST" name="Regression" finished-at="2022-05-23T09:02:10 IST" duration-ms="35033">
    <groups>
    </groups>
    <test started-at="2022-05-23T09:01:35 IST" name="Regression Test" finished-at="2022-05-23T09:02:10 IST" duration-ms="35033">
      <class name="TestCases.NewCustomerTest">
        <test-method is-config="true" signature="setUp()[pri:0, instance:TestCases.NewCustomerTest@376a0d86]" started-at="2022-05-23T09:01:35 IST" name="setUp" finished-at="2022-05-23T09:01:42 IST" duration-ms="7366" status="PASS">
          <reporter-output>
          </reporter-output>
        </test-method> <!-- setUp -->
        <test-method signature="validateNewCustomerPageTitle()[pri:0, instance:TestCases.NewCustomerTest@376a0d86]" started-at="2022-05-23T09:01:42 IST" name="validateNewCustomerPageTitle" finished-at="2022-05-23T09:01:46 IST" duration-ms="3480" status="PASS">
          <reporter-output>
          </reporter-output>
        </test-method> <!-- validateNewCustomerPageTitle -->
        <test-method is-config="true" signature="tearDown()[pri:0, instance:TestCases.NewCustomerTest@376a0d86]" started-at="2022-05-23T09:01:46 IST" name="tearDown" finished-at="2022-05-23T09:01:46 IST" duration-ms="210" status="PASS">
          <reporter-output>
          </reporter-output>
        </test-method> <!-- tearDown -->
        <test-method is-config="true" signature="setUp()[pri:0, instance:TestCases.NewCustomerTest@376a0d86]" started-at="2022-05-23T09:01:47 IST" name="setUp" finished-at="2022-05-23T09:01:54 IST" duration-ms="7059" status="PASS">
          <reporter-output>
          </reporter-output>
        </test-method> <!-- setUp -->
        <test-method signature="validateNewCustomerRegistrationTest(java.lang.String,java.lang.String,java.lang.String,java.lang.String,java.lang.String,java.lang.String,java.lang.String,java.lang.String,java.lang.String,java.lang.String)[pri:0, instance:TestCases.NewCustomerTest@376a0d86]" started-at="2022-05-23T09:01:54 IST" name="validateNewCustomerRegistrationTest" data-provider="getTestData" finished-at="2022-05-23T09:02:00 IST" duration-ms="5589" status="PASS">
          <params>
            <param index="0">
              <value>
                <![CDATA[Phill]]>
              </value>
            </param>
            <param index="1">
              <value>
                <![CDATA[Male]]>
              </value>
            </param>
            <param index="2">
              <value>
                <![CDATA[1.212202E7]]>
              </value>
            </param>
            <param index="3">
              <value>
                <![CDATA[Marathahalli]]>
              </value>
            </param>
            <param index="4">
              <value>
                <![CDATA[Bangalore]]>
              </value>
            </param>
            <param index="5">
              <value>
                <![CDATA[Karnataka]]>
              </value>
            </param>
            <param index="6">
              <value>
                <![CDATA[560048.0]]>
              </value>
            </param>
            <param index="7">
              <value>
                <![CDATA[1234567899]]>
              </value>
            </param>
            <param index="8">
              <value>
                <![CDATA[ranjan@xyz.com]]>
              </value>
            </param>
            <param index="9">
              <value>
                <![CDATA[Test@123]]>
              </value>
            </param>
          </params>
          <reporter-output>
          </reporter-output>
        </test-method> <!-- validateNewCustomerRegistrationTest -->
        <test-method is-config="true" signature="tearDown()[pri:0, instance:TestCases.NewCustomerTest@376a0d86]" started-at="2022-05-23T09:02:00 IST" name="tearDown" finished-at="2022-05-23T09:02:00 IST" duration-ms="141" status="PASS">
          <reporter-output>
          </reporter-output>
        </test-method> <!-- tearDown -->
        <test-method is-config="true" signature="setUp()[pri:0, instance:TestCases.NewCustomerTest@376a0d86]" started-at="2022-05-23T09:02:00 IST" name="setUp" finished-at="2022-05-23T09:02:06 IST" duration-ms="5689" status="PASS">
          <reporter-output>
          </reporter-output>
        </test-method> <!-- setUp -->
        <test-method signature="validateNewCustomerRegistrationTest(java.lang.String,java.lang.String,java.lang.String,java.lang.String,java.lang.String,java.lang.String,java.lang.String,java.lang.String,java.lang.String,java.lang.String)[pri:0, instance:TestCases.NewCustomerTest@376a0d86]" started-at="2022-05-23T09:02:06 IST" name="validateNewCustomerRegistrationTest" data-provider="getTestData" finished-at="2022-05-23T09:02:10 IST" duration-ms="4160" status="PASS">
          <params>
            <param index="0">
              <value>
                <![CDATA[Sinija]]>
              </value>
            </param>
            <param index="1">
              <value>
                <![CDATA[Female]]>
              </value>
            </param>
            <param index="2">
              <value>
                <![CDATA[12111990]]>
              </value>
            </param>
            <param index="3">
              <value>
                <![CDATA[Marathahalli]]>
              </value>
            </param>
            <param index="4">
              <value>
                <![CDATA[Bangalore]]>
              </value>
            </param>
            <param index="5">
              <value>
                <![CDATA[Karnataka]]>
              </value>
            </param>
            <param index="6">
              <value>
                <![CDATA[560048.0]]>
              </value>
            </param>
            <param index="7">
              <value>
                <![CDATA[989898]]>
              </value>
            </param>
            <param index="8">
              <value>
                <![CDATA[Nupoor@abx.com]]>
              </value>
            </param>
            <param index="9">
              <value>
                <![CDATA[Test@123]]>
              </value>
            </param>
          </params>
          <reporter-output>
          </reporter-output>
        </test-method> <!-- validateNewCustomerRegistrationTest -->
        <test-method is-config="true" signature="tearDown()[pri:0, instance:TestCases.NewCustomerTest@376a0d86]" started-at="2022-05-23T09:02:10 IST" name="tearDown" finished-at="2022-05-23T09:02:10 IST" duration-ms="114" status="PASS">
          <reporter-output>
          </reporter-output>
        </test-method> <!-- tearDown -->
      </class> <!-- TestCases.NewCustomerTest -->
      <class name="TestCases.ManagerHomeTest">
        <test-method is-config="true" signature="setUp()[pri:0, instance:TestCases.ManagerHomeTest@9cb8225]" started-at="2022-05-23T09:01:35 IST" name="setUp" finished-at="2022-05-23T09:01:42 IST" duration-ms="7486" status="PASS">
          <reporter-output>
          </reporter-output>
        </test-method> <!-- setUp -->
        <test-method signature="validateManagerId()[pri:0, instance:TestCases.ManagerHomeTest@9cb8225]" started-at="2022-05-23T09:01:42 IST" name="validateManagerId" finished-at="2022-05-23T09:01:45 IST" duration-ms="2272" status="PASS">
          <reporter-output>
          </reporter-output>
        </test-method> <!-- validateManagerId -->
        <test-method is-config="true" signature="tearDown()[pri:0, instance:TestCases.ManagerHomeTest@9cb8225]" started-at="2022-05-23T09:01:45 IST" name="tearDown" finished-at="2022-05-23T09:01:45 IST" duration-ms="158" status="PASS">
          <reporter-output>
          </reporter-output>
        </test-method> <!-- tearDown -->
        <test-method is-config="true" signature="setUp()[pri:0, instance:TestCases.ManagerHomeTest@9cb8225]" started-at="2022-05-23T09:01:45 IST" name="setUp" finished-at="2022-05-23T09:01:50 IST" duration-ms="4742" status="PASS">
          <reporter-output>
          </reporter-output>
        </test-method> <!-- setUp -->
        <test-method signature="validatePageHeaderTest()[pri:0, instance:TestCases.ManagerHomeTest@9cb8225]" started-at="2022-05-23T09:01:50 IST" name="validatePageHeaderTest" finished-at="2022-05-23T09:01:51 IST" duration-ms="1623" status="PASS">
          <reporter-output>
          </reporter-output>
        </test-method> <!-- validatePageHeaderTest -->
        <test-method is-config="true" signature="tearDown()[pri:0, instance:TestCases.ManagerHomeTest@9cb8225]" started-at="2022-05-23T09:01:51 IST" name="tearDown" finished-at="2022-05-23T09:01:51 IST" duration-ms="115" status="PASS">
          <reporter-output>
          </reporter-output>
        </test-method> <!-- tearDown -->
        <test-method is-config="true" signature="setUp()[pri:0, instance:TestCases.ManagerHomeTest@9cb8225]" started-at="2022-05-23T09:01:51 IST" name="setUp" finished-at="2022-05-23T09:01:59 IST" duration-ms="7140" status="PASS">
          <reporter-output>
          </reporter-output>
        </test-method> <!-- setUp -->
        <test-method signature="validteNewCustomerIsDisplayTest()[pri:0, instance:TestCases.ManagerHomeTest@9cb8225]" started-at="2022-05-23T09:01:59 IST" name="validteNewCustomerIsDisplayTest" finished-at="2022-05-23T09:02:02 IST" duration-ms="3815" status="PASS">
          <reporter-output>
          </reporter-output>
        </test-method> <!-- validteNewCustomerIsDisplayTest -->
        <test-method is-config="true" signature="tearDown()[pri:0, instance:TestCases.ManagerHomeTest@9cb8225]" started-at="2022-05-23T09:02:02 IST" name="tearDown" finished-at="2022-05-23T09:02:03 IST" duration-ms="285" status="PASS">
          <reporter-output>
          </reporter-output>
        </test-method> <!-- tearDown -->
      </class> <!-- TestCases.ManagerHomeTest -->
      <class name="TestCases.HomeTest">
        <test-method is-config="true" signature="setUp()[pri:0, instance:TestCases.HomeTest@6d5620ce]" started-at="2022-05-23T09:01:35 IST" name="setUp" finished-at="2022-05-23T09:01:43 IST" duration-ms="7634" status="PASS">
          <reporter-output>
          </reporter-output>
        </test-method> <!-- setUp -->
        <test-method signature="verifyBasicElementsTest()[pri:0, instance:TestCases.HomeTest@6d5620ce]" started-at="2022-05-23T09:01:43 IST" name="verifyBasicElementsTest" finished-at="2022-05-23T09:01:43 IST" duration-ms="246" status="PASS">
          <reporter-output>
          </reporter-output>
        </test-method> <!-- verifyBasicElementsTest -->
        <test-method is-config="true" signature="tearDown()[pri:0, instance:TestCases.HomeTest@6d5620ce]" started-at="2022-05-23T09:01:43 IST" name="tearDown" finished-at="2022-05-23T09:01:43 IST" duration-ms="203" status="PASS">
          <reporter-output>
          </reporter-output>
        </test-method> <!-- tearDown -->
        <test-method is-config="true" signature="setUp()[pri:0, instance:TestCases.HomeTest@6d5620ce]" started-at="2022-05-23T09:01:43 IST" name="setUp" finished-at="2022-05-23T09:01:48 IST" duration-ms="5191" status="PASS">
          <reporter-output>
          </reporter-output>
        </test-method> <!-- setUp -->
        <test-method signature="verifyLoginPageHeaderTest()[pri:0, instance:TestCases.HomeTest@6d5620ce]" started-at="2022-05-23T09:01:48 IST" name="verifyLoginPageHeaderTest" finished-at="2022-05-23T09:01:48 IST" duration-ms="35" status="PASS">
          <reporter-output>
          </reporter-output>
        </test-method> <!-- verifyLoginPageHeaderTest -->
        <test-method is-config="true" signature="tearDown()[pri:0, instance:TestCases.HomeTest@6d5620ce]" started-at="2022-05-23T09:01:48 IST" name="tearDown" finished-at="2022-05-23T09:01:48 IST" duration-ms="128" status="PASS">
          <reporter-output>
          </reporter-output>
        </test-method> <!-- tearDown -->
        <test-method is-config="true" signature="setUp()[pri:0, instance:TestCases.HomeTest@6d5620ce]" started-at="2022-05-23T09:01:48 IST" name="setUp" finished-at="2022-05-23T09:01:53 IST" duration-ms="4953" status="PASS">
          <reporter-output>
          </reporter-output>
        </test-method> <!-- setUp -->
        <test-method signature="verifyLoginPageTitleTest()[pri:0, instance:TestCases.HomeTest@6d5620ce]" started-at="2022-05-23T09:01:53 IST" name="verifyLoginPageTitleTest" finished-at="2022-05-23T09:01:53 IST" duration-ms="8" status="PASS">
          <reporter-output>
          </reporter-output>
        </test-method> <!-- verifyLoginPageTitleTest -->
        <test-method is-config="true" signature="tearDown()[pri:0, instance:TestCases.HomeTest@6d5620ce]" started-at="2022-05-23T09:01:53 IST" name="tearDown" finished-at="2022-05-23T09:01:54 IST" duration-ms="149" status="PASS">
          <reporter-output>
          </reporter-output>
        </test-method> <!-- tearDown -->
        <test-method is-config="true" signature="setUp()[pri:0, instance:TestCases.HomeTest@6d5620ce]" started-at="2022-05-23T09:01:54 IST" name="setUp" finished-at="2022-05-23T09:02:00 IST" duration-ms="6870" status="PASS">
          <reporter-output>
          </reporter-output>
        </test-method> <!-- setUp -->
        <test-method signature="verifyLoginWithValidCredentials()[pri:0, instance:TestCases.HomeTest@6d5620ce]" started-at="2022-05-23T09:02:00 IST" name="verifyLoginWithValidCredentials" finished-at="2022-05-23T09:02:04 IST" duration-ms="3105" status="PASS">
          <reporter-output>
          </reporter-output>
        </test-method> <!-- verifyLoginWithValidCredentials -->
        <test-method is-config="true" signature="tearDown()[pri:0, instance:TestCases.HomeTest@6d5620ce]" started-at="2022-05-23T09:02:04 IST" name="tearDown" finished-at="2022-05-23T09:02:04 IST" duration-ms="236" status="PASS">
          <reporter-output>
          </reporter-output>
        </test-method> <!-- tearDown -->
      </class> <!-- TestCases.HomeTest -->
      <class name="TestCases.EditCustomerTest">
        <test-method is-config="true" signature="setUp()[pri:0, instance:TestCases.EditCustomerTest@62656be4]" started-at="2022-05-23T09:01:35 IST" name="setUp" finished-at="2022-05-23T09:01:41 IST" duration-ms="6281" status="PASS">
          <reporter-output>
          </reporter-output>
        </test-method> <!-- setUp -->
        <test-method signature="validatePageTitleTest()[pri:0, instance:TestCases.EditCustomerTest@62656be4]" started-at="2022-05-23T09:01:41 IST" name="validatePageTitleTest" finished-at="2022-05-23T09:01:46 IST" duration-ms="4530" status="PASS">
          <reporter-output>
          </reporter-output>
        </test-method> <!-- validatePageTitleTest -->
        <test-method is-config="true" signature="tearDown()[pri:0, instance:TestCases.EditCustomerTest@62656be4]" started-at="2022-05-23T09:01:46 IST" name="tearDown" finished-at="2022-05-23T09:01:46 IST" duration-ms="124" status="PASS">
          <reporter-output>
          </reporter-output>
        </test-method> <!-- tearDown -->
        <test-method is-config="true" signature="setUp()[pri:0, instance:TestCases.EditCustomerTest@62656be4]" started-at="2022-05-23T09:01:46 IST" name="setUp" finished-at="2022-05-23T09:01:51 IST" duration-ms="5366" status="PASS">
          <reporter-output>
          </reporter-output>
        </test-method> <!-- setUp -->
        <test-method signature="verifyBasicElementsTest()[pri:0, instance:TestCases.EditCustomerTest@62656be4]" started-at="2022-05-23T09:01:51 IST" name="verifyBasicElementsTest" finished-at="2022-05-23T09:01:57 IST" duration-ms="5730" status="PASS">
          <reporter-output>
          </reporter-output>
        </test-method> <!-- verifyBasicElementsTest -->
        <test-method is-config="true" signature="tearDown()[pri:0, instance:TestCases.EditCustomerTest@62656be4]" started-at="2022-05-23T09:01:57 IST" name="tearDown" finished-at="2022-05-23T09:01:57 IST" duration-ms="142" status="PASS">
          <reporter-output>
          </reporter-output>
        </test-method> <!-- tearDown -->
        <test-method is-config="true" signature="setUp()[pri:0, instance:TestCases.EditCustomerTest@62656be4]" started-at="2022-05-23T09:01:57 IST" name="setUp" finished-at="2022-05-23T09:02:03 IST" duration-ms="5973" status="PASS">
          <reporter-output>
          </reporter-output>
        </test-method> <!-- setUp -->
        <test-method signature="veripyPageHeaderTest()[pri:0, instance:TestCases.EditCustomerTest@62656be4]" started-at="2022-05-23T09:02:03 IST" name="veripyPageHeaderTest" finished-at="2022-05-23T09:02:07 IST" duration-ms="3528" status="PASS">
          <reporter-output>
          </reporter-output>
        </test-method> <!-- veripyPageHeaderTest -->
        <test-method is-config="true" signature="tearDown()[pri:0, instance:TestCases.EditCustomerTest@62656be4]" started-at="2022-05-23T09:02:07 IST" name="tearDown" finished-at="2022-05-23T09:02:07 IST" duration-ms="130" status="PASS">
          <reporter-output>
          </reporter-output>
        </test-method> <!-- tearDown -->
      </class> <!-- TestCases.EditCustomerTest -->
    </test> <!-- Regression Test -->
  </suite> <!-- Regression -->
</testng-results>
